<?xml version="1.0" encoding="UTF-8"?>
<!-- Generated by org.testng.reporters.JUnitReportReporter -->
<testsuite hostname="LAPTOP-7IRFI5DA" failures="0" tests="1" name="testngtest.Login" time="9.374" errors="0" timestamp="2020-12-29T11:44:47 EST" skipped="0">
  <testcase classname="testngtest.Login" name="f" time="9.374"/>
  <system-out/>
</testsuite> <!-- testngtest.Login -->
